2024-11-02 18:42:29,341 INFO     Loading image-feature-extraction pipeline for google/vit-base-patch16-224-in21k...
2024-11-02 18:42:36,022 INFO     Loaded google/vit-base-patch16-224-in21k
2024-11-02 18:42:36,106 INFO     Generating 12788 embeddings with batches...
2024-11-02 18:42:36,107 INFO     Generating 1000 embeddings...
2024-11-02 18:45:18,081 INFO     Generated 1000 embeddings!
2024-11-02 18:45:18,091 INFO     Generating 1000 embeddings...
2024-11-02 18:47:50,590 INFO     Generated 1000 embeddings!
2024-11-02 18:47:50,597 INFO     Generating 1000 embeddings...
2024-11-02 18:50:23,530 INFO     Generated 1000 embeddings!
2024-11-02 18:50:23,537 INFO     Generating 1000 embeddings...
2024-11-02 18:52:55,290 INFO     Generated 1000 embeddings!
2024-11-02 18:52:55,297 INFO     Generating 1000 embeddings...
2024-11-02 18:55:27,464 INFO     Generated 1000 embeddings!
2024-11-02 18:55:27,473 INFO     Generating 1000 embeddings...
2024-11-02 18:58:00,691 INFO     Generated 1000 embeddings!
2024-11-02 18:58:00,699 INFO     Generating 1000 embeddings...
2024-11-02 19:00:35,710 INFO     Generated 1000 embeddings!
2024-11-02 19:00:35,718 INFO     Generating 1000 embeddings...
2024-11-02 19:03:07,556 INFO     Generated 1000 embeddings!
2024-11-02 19:03:07,566 INFO     Generating 1000 embeddings...
2024-11-02 19:05:39,049 INFO     Generated 1000 embeddings!
2024-11-02 19:05:39,057 INFO     Generating 1000 embeddings...
2024-11-02 19:08:10,932 INFO     Generated 1000 embeddings!
2024-11-02 19:08:10,941 INFO     Generating 1000 embeddings...
2024-11-02 19:10:42,878 INFO     Generated 1000 embeddings!
2024-11-02 19:10:42,888 INFO     Generating 1000 embeddings...
2024-11-02 19:13:14,333 INFO     Generated 1000 embeddings!
2024-11-02 19:13:14,340 INFO     Generating 788 embeddings...
2024-11-02 20:16:32,836 INFO     Generated 788 embeddings!
2024-11-02 20:16:33,114 INFO     Finished generation of 12788 embeddings through batches!
