2024-11-02 18:18:04,016 INFO     Loading image-feature-extraction pipeline for google/vit-base-patch16-224-in21k...
2024-11-02 18:18:04,949 INFO     Loaded google/vit-base-patch16-224-in21k
2024-11-02 18:18:04,950 INFO     Generating 65 embeddings with batches...
2024-11-02 18:18:04,951 INFO     Generating 30 embeddings...
2024-11-02 18:18:09,612 INFO     Generated 30 embeddings!
2024-11-02 18:18:09,613 INFO     Generating 30 embeddings...
2024-11-02 18:18:14,046 INFO     Generated 30 embeddings!
2024-11-02 18:18:14,047 INFO     Generating 5 embeddings...
2024-11-02 18:18:14,796 INFO     Generated 5 embeddings!
2024-11-02 18:18:14,798 INFO     Finished generation of 65 embeddings through batches!
2024-11-02 18:19:19,811 INFO     Loading image-feature-extraction pipeline for google/vit-base-patch16-224-in21k...
2024-11-02 18:19:20,178 INFO     Loaded google/vit-base-patch16-224-in21k
2024-11-02 18:19:20,191 INFO     Generating 65 embeddings with batches...
2024-11-02 18:19:20,192 INFO     Generating 65 embeddings...
2024-11-02 18:19:28,616 INFO     Loading image-feature-extraction pipeline for google/vit-base-patch16-224-in21k...
2024-11-02 18:19:29,003 INFO     Loaded google/vit-base-patch16-224-in21k
2024-11-02 18:19:29,007 INFO     Generating 65 embeddings with batches...
2024-11-02 18:19:29,015 INFO     Generating 65 embeddings...
2024-11-02 18:19:39,871 INFO     Generated 65 embeddings!
2024-11-02 18:19:39,873 INFO     Finished generation of 65 embeddings through batches!
